app/android/app/build/intermediates/manifest_merge_blame_file/debug/processDebugMainManifest/manifest-merger-blame-debug-report.txt
1<?xml version="1.0" encoding="utf-8"?>
2<manifest xmlns:android="http://schemas.android.com/apk/res/android"
3    package="com.ytplayables.app.debug"
4    android:versionCode="1"
5    android:versionName="1.0.0-debug" >
6
7    <uses-sdk
8        android:minSdkVersion="24"
9        android:targetSdkVersion="35" />
10
11    <uses-permission android:name="android.permission.INTERNET" />
11-->src\main\AndroidManifest.xml:6:5-67
11-->src\main\AndroidManifest.xml:6:22-64
12    <uses-permission android:name="android.permission.ACCESS_NETWORK_STATE" />
12-->src\main\AndroidManifest.xml:7:5-79
12-->src\main\AndroidManifest.xml:7:22-76
13    <uses-permission android:name="android.permission.ACCESS_WIFI_STATE" />
13-->src\main\AndroidManifest.xml:8:5-76
13-->src\main\AndroidManifest.xml:8:22-73
14    <uses-permission android:name="android.permission.WAKE_LOCK" />
14-->src\main\AndroidManifest.xml:9:5-68
14-->src\main\AndroidManifest.xml:9:22-65
15    <uses-permission android:name="android.permission.RECEIVE_BOOT_COMPLETED" />
15-->src\main\AndroidManifest.xml:10:5-81
15-->src\main\AndroidManifest.xml:10:22-78
16    <uses-permission android:name="android.permission.POST_NOTIFICATIONS" />
16-->src\main\AndroidManifest.xml:11:5-77
16-->src\main\AndroidManifest.xml:11:22-74
17    <uses-permission android:name="android.permission.VIBRATE" />
17-->src\main\AndroidManifest.xml:12:5-66
17-->src\main\AndroidManifest.xml:12:22-63
18    <uses-permission android:name="android.permission.WRITE_EXTERNAL_STORAGE" />
18-->src\main\AndroidManifest.xml:13:5-81
18-->src\main\AndroidManifest.xml:13:22-78
19    <uses-permission android:name="android.permission.READ_EXTERNAL_STORAGE" />
19-->src\main\AndroidManifest.xml:14:5-80
19-->src\main\AndroidManifest.xml:14:22-77
20    <uses-permission android:name="android.permission.FOREGROUND_SERVICE" />
20-->src\main\AndroidManifest.xml:15:5-77
20-->src\main\AndroidManifest.xml:15:22-74
21    <uses-permission android:name="android.permission.FOREGROUND_SERVICE_DATA_SYNC" />
21-->src\main\AndroidManifest.xml:16:5-87
21-->src\main\AndroidManifest.xml:16:22-84
22    <uses-permission android:name="android.permission.REQUEST_INSTALL_PACKAGES" />
22-->src\main\AndroidManifest.xml:17:5-83
22-->src\main\AndroidManifest.xml:17:22-80
23    <uses-permission android:name="android.permission.SYSTEM_ALERT_WINDOW" />
23-->src\main\AndroidManifest.xml:18:5-78
23-->src\main\AndroidManifest.xml:18:22-75
24
25    <queries>
25-->src\main\AndroidManifest.xml:20:5-27:15
26        <intent>
26-->src\main\AndroidManifest.xml:21:9-24:18
27            <action android:name="android.intent.action.VIEW" />
27-->src\main\AndroidManifest.xml:22:13-65
27-->src\main\AndroidManifest.xml:22:21-62
28
29            <data android:scheme="https" />
29-->src\main\AndroidManifest.xml:23:13-44
29-->src\main\AndroidManifest.xml:23:19-41
30        </intent>
31
32        <package android:name="com.android.vending" />
32-->src\main\AndroidManifest.xml:25:9-55
32-->src\main\AndroidManifest.xml:25:18-52
33        <package android:name="com.google.android.youtube" />
33-->src\main\AndroidManifest.xml:26:9-62
33-->src\main\AndroidManifest.xml:26:18-59
34        <!-- For browser content -->
35        <intent>
35-->[com.google.android.gms:play-services-ads-lite:23.2.0] AndroidManifest.xml:38:9-44:18
36            <action android:name="android.intent.action.VIEW" />
36-->src\main\AndroidManifest.xml:22:13-65
36-->src\main\AndroidManifest.xml:22:21-62
37
38            <category android:name="android.intent.category.BROWSABLE" />
38-->src\main\AndroidManifest.xml:52:17-78
38-->src\main\AndroidManifest.xml:52:27-75
39
40            <data android:scheme="https" />
40-->src\main\AndroidManifest.xml:23:13-44
40-->src\main\AndroidManifest.xml:23:19-41
41        </intent> <!-- End of browser content -->
42        <!-- For CustomTabsService -->
43        <intent>
43-->[com.google.android.gms:play-services-ads-lite:23.2.0] AndroidManifest.xml:47:9-49:18
44            <action android:name="android.support.customtabs.action.CustomTabsService" />
44-->[com.google.android.gms:play-services-ads-lite:23.2.0] AndroidManifest.xml:48:13-90
44-->[com.google.android.gms:play-services-ads-lite:23.2.0] AndroidManifest.xml:48:21-87
45        </intent>
46    </queries>
47
48    <uses-permission android:name="com.google.android.gms.permission.AD_ID" />
48-->[com.google.android.gms:play-services-ads-lite:23.2.0] AndroidManifest.xml:26:5-79
48-->[com.google.android.gms:play-services-ads-lite:23.2.0] AndroidManifest.xml:26:22-76
49    <uses-permission android:name="android.permission.ACCESS_ADSERVICES_AD_ID" />
49-->[com.google.android.gms:play-services-ads-lite:23.2.0] AndroidManifest.xml:27:5-82
49-->[com.google.android.gms:play-services-ads-lite:23.2.0] AndroidManifest.xml:27:22-79
50    <uses-permission android:name="android.permission.ACCESS_ADSERVICES_ATTRIBUTION" />
50-->[com.google.android.gms:play-services-ads-lite:23.2.0] AndroidManifest.xml:28:5-88
50-->[com.google.android.gms:play-services-ads-lite:23.2.0] AndroidManifest.xml:28:22-85
51    <uses-permission android:name="android.permission.ACCESS_ADSERVICES_TOPICS" />
51-->[com.google.android.gms:play-services-ads-lite:23.2.0] AndroidManifest.xml:29:5-83
51-->[com.google.android.gms:play-services-ads-lite:23.2.0] AndroidManifest.xml:29:22-80
52
53    <permission
53-->[androidx.core:core:1.13.1] AndroidManifest.xml:22:5-24:47
54        android:name="com.ytplayables.app.debug.DYNAMIC_RECEIVER_NOT_EXPORTED_PERMISSION"
54-->[androidx.core:core:1.13.1] AndroidManifest.xml:23:9-81
55        android:protectionLevel="signature" />
55-->[androidx.core:core:1.13.1] AndroidManifest.xml:24:9-44
56
57    <uses-permission android:name="com.ytplayables.app.debug.DYNAMIC_RECEIVER_NOT_EXPORTED_PERMISSION" />
57-->[androidx.core:core:1.13.1] AndroidManifest.xml:26:5-97
57-->[androidx.core:core:1.13.1] AndroidManifest.xml:26:22-94
58
59    <application
59-->src\main\AndroidManifest.xml:29:5-128:19
60        android:name="com.ytplayables.app.YTPlayablesApplication"
60-->src\main\AndroidManifest.xml:30:9-47
61        android:allowBackup="true"
61-->src\main\AndroidManifest.xml:31:9-35
62        android:appComponentFactory="androidx.core.app.CoreComponentFactory"
62-->[androidx.core:core:1.13.1] AndroidManifest.xml:28:18-86
63        android:debuggable="true"
64        android:extractNativeLibs="false"
65        android:icon="@mipmap/ic_launcher"
65-->src\main\AndroidManifest.xml:32:9-43
66        android:label="@string/app_name"
66-->src\main\AndroidManifest.xml:33:9-41
67        android:networkSecurityConfig="@xml/network_security_config"
67-->src\main\AndroidManifest.xml:38:9-69
68        android:roundIcon="@mipmap/ic_launcher_round"
68-->src\main\AndroidManifest.xml:34:9-54
69        android:supportsRtl="true"
69-->src\main\AndroidManifest.xml:35:9-35
70        android:theme="@style/Theme.ytplayables"
70-->src\main\AndroidManifest.xml:36:9-49
71        android:usesCleartextTraffic="false" >
71-->src\main\AndroidManifest.xml:37:9-45
72        <activity
72-->src\main\AndroidManifest.xml:41:9-64:20
73            android:name="com.ytplayables.app.MainActivity"
73-->src\main\AndroidManifest.xml:42:13-41
74            android:exported="true"
74-->src\main\AndroidManifest.xml:43:13-36
75            android:theme="@style/Theme.ytplayables" >
75-->src\main\AndroidManifest.xml:44:13-53
76            <intent-filter>
76-->src\main\AndroidManifest.xml:45:13-48:29
77                <action android:name="android.intent.action.MAIN" />
77-->src\main\AndroidManifest.xml:46:17-69
77-->src\main\AndroidManifest.xml:46:25-66
78
79                <category android:name="android.intent.category.LAUNCHER" />
79-->src\main\AndroidManifest.xml:47:17-77
79-->src\main\AndroidManifest.xml:47:27-74
80            </intent-filter>
81            <intent-filter>
81-->src\main\AndroidManifest.xml:49:13-57:29
82                <action android:name="android.intent.action.VIEW" />
82-->src\main\AndroidManifest.xml:22:13-65
82-->src\main\AndroidManifest.xml:22:21-62
83
84                <category android:name="android.intent.category.DEFAULT" />
84-->src\main\AndroidManifest.xml:51:17-76
84-->src\main\AndroidManifest.xml:51:27-73
85                <category android:name="android.intent.category.BROWSABLE" />
85-->src\main\AndroidManifest.xml:52:17-78
85-->src\main\AndroidManifest.xml:52:27-75
86
87                <data
87-->src\main\AndroidManifest.xml:23:13-44
88                    android:host="game"
88-->src\main\AndroidManifest.xml:53:52-71
89                    android:scheme="ytplayables" />
89-->src\main\AndroidManifest.xml:23:19-41
90                <data
90-->src\main\AndroidManifest.xml:23:13-44
91                    android:host="category"
91-->src\main\AndroidManifest.xml:53:52-71
92                    android:scheme="ytplayables" />
92-->src\main\AndroidManifest.xml:23:19-41
93                <data
93-->src\main\AndroidManifest.xml:23:13-44
94                    android:host="favorites"
94-->src\main\AndroidManifest.xml:53:52-71
95                    android:scheme="ytplayables" />
95-->src\main\AndroidManifest.xml:23:19-41
96                <data
96-->src\main\AndroidManifest.xml:23:13-44
97                    android:host="settings"
97-->src\main\AndroidManifest.xml:53:52-71
98                    android:scheme="ytplayables" />
98-->src\main\AndroidManifest.xml:23:19-41
99            </intent-filter>
100            <intent-filter>
100-->src\main\AndroidManifest.xml:58:13-63:29
101                <action android:name="android.intent.action.VIEW" />
101-->src\main\AndroidManifest.xml:22:13-65
101-->src\main\AndroidManifest.xml:22:21-62
102
103                <category android:name="android.intent.category.DEFAULT" />
103-->src\main\AndroidManifest.xml:51:17-76
103-->src\main\AndroidManifest.xml:51:27-73
104                <category android:name="android.intent.category.BROWSABLE" />
104-->src\main\AndroidManifest.xml:52:17-78
104-->src\main\AndroidManifest.xml:52:27-75
105
106                <data
106-->src\main\AndroidManifest.xml:23:13-44
107                    android:host="youtubeplayables.caloriecalculatorfree.com"
107-->src\main\AndroidManifest.xml:53:52-71
108                    android:pathPrefix="/app"
108-->src\main\AndroidManifest.xml:62:104-129
109                    android:scheme="https" />
109-->src\main\AndroidManifest.xml:23:19-41
110            </intent-filter>
111        </activity>
112        <activity
112-->src\main\AndroidManifest.xml:66:9-72:46
113            android:name="com.ytplayables.app.GameActivity"
113-->src\main\AndroidManifest.xml:67:13-41
114            android:configChanges="orientation|screenSize|keyboardHidden"
114-->src\main\AndroidManifest.xml:70:13-74
115            android:exported="false"
115-->src\main\AndroidManifest.xml:68:13-37
116            android:launchMode="singleTop"
116-->src\main\AndroidManifest.xml:72:13-43
117            android:screenOrientation="sensorLandscape"
117-->src\main\AndroidManifest.xml:71:13-56
118            android:theme="@style/Theme.ytplayables.Fullscreen" />
118-->src\main\AndroidManifest.xml:69:13-64
119        <activity
119-->src\main\AndroidManifest.xml:74:9-78:49
120            android:name="com.ytplayables.app.SplashActivity"
120-->src\main\AndroidManifest.xml:75:13-43
121            android:exported="false"
121-->src\main\AndroidManifest.xml:76:13-37
122            android:finishOnTaskLaunch="true"
122-->src\main\AndroidManifest.xml:78:13-46
123            android:theme="@style/SplashTheme" />
123-->src\main\AndroidManifest.xml:77:13-47
124        <activity
124-->src\main\AndroidManifest.xml:80:9-83:56
125            android:name="com.ytplayables.app.OfflineActivity"
125-->src\main\AndroidManifest.xml:81:13-44
126            android:exported="false"
126-->src\main\AndroidManifest.xml:82:13-37
127            android:theme="@style/Theme.ytplayables" />
127-->src\main\AndroidManifest.xml:83:13-53
128        <activity
128-->src\main\AndroidManifest.xml:85:9-88:56
129            android:name="com.ytplayables.app.ErrorActivity"
129-->src\main\AndroidManifest.xml:86:13-42
130            android:exported="false"
130-->src\main\AndroidManifest.xml:87:13-37
131            android:theme="@style/Theme.ytplayables" />
131-->src\main\AndroidManifest.xml:88:13-53
132
133        <service
133-->src\main\AndroidManifest.xml:90:9-93:40
134            android:name="com.ytplayables.app.BridgeService"
134-->src\main\AndroidManifest.xml:91:13-42
135            android:enabled="true"
135-->src\main\AndroidManifest.xml:92:13-35
136            android:exported="false" />
136-->src\main\AndroidManifest.xml:93:13-37
137        <service
137-->src\main\AndroidManifest.xml:95:9-98:40
138            android:name="com.ytplayables.app.NotificationHelper"
138-->src\main\AndroidManifest.xml:96:13-47
139            android:enabled="true"
139-->src\main\AndroidManifest.xml:97:13-35
140            android:exported="false" />
140-->src\main\AndroidManifest.xml:98:13-37
141
142        <receiver
142-->src\main\AndroidManifest.xml:100:9-107:20
143            android:name="com.ytplayables.app.NetworkMonitor"
143-->src\main\AndroidManifest.xml:101:13-43
144            android:enabled="true"
144-->src\main\AndroidManifest.xml:102:13-35
145            android:exported="true" >
145-->src\main\AndroidManifest.xml:103:13-36
146            <intent-filter>
146-->src\main\AndroidManifest.xml:104:13-106:29
147                <action android:name="android.net.conn.CONNECTIVITY_CHANGE" />
147-->src\main\AndroidManifest.xml:105:17-79
147-->src\main\AndroidManifest.xml:105:25-76
148            </intent-filter>
149        </receiver>
150        <receiver
150-->src\main\AndroidManifest.xml:109:9-116:20
151            android:name="com.ytplayables.app.BootReceiver"
151-->src\main\AndroidManifest.xml:110:13-41
152            android:enabled="true"
152-->src\main\AndroidManifest.xml:111:13-35
153            android:exported="true" >
153-->src\main\AndroidManifest.xml:112:13-36
154            <intent-filter>
154-->src\main\AndroidManifest.xml:113:13-115:29
155                <action android:name="android.intent.action.BOOT_COMPLETED" />
155-->src\main\AndroidManifest.xml:114:17-79
155-->src\main\AndroidManifest.xml:114:25-76
156            </intent-filter>
157        </receiver>
158
159        <provider
160            android:name="androidx.startup.InitializationProvider"
160-->src\main\AndroidManifest.xml:119:13-67
161            android:authorities="com.ytplayables.app.debug.androidx-startup"
161-->src\main\AndroidManifest.xml:121:13-68
162            android:exported="false" >
162-->src\main\AndroidManifest.xml:120:13-37
163            <meta-data
163-->[androidx.emoji2:emoji2:1.3.0] AndroidManifest.xml:29:13-31:52
164                android:name="androidx.emoji2.text.EmojiCompatInitializer"
164-->[androidx.emoji2:emoji2:1.3.0] AndroidManifest.xml:30:17-75
165                android:value="androidx.startup" />
165-->[androidx.emoji2:emoji2:1.3.0] AndroidManifest.xml:31:17-49
166            <meta-data
166-->[androidx.work:work-runtime:2.9.0] AndroidManifest.xml:34:13-36:52
167                android:name="androidx.work.WorkManagerInitializer"
167-->[androidx.work:work-runtime:2.9.0] AndroidManifest.xml:35:17-68
168                android:value="androidx.startup" />
168-->[androidx.work:work-runtime:2.9.0] AndroidManifest.xml:36:17-49
169            <meta-data
169-->[androidx.lifecycle:lifecycle-process:2.8.4] AndroidManifest.xml:29:13-31:52
170                android:name="androidx.lifecycle.ProcessLifecycleInitializer"
170-->[androidx.lifecycle:lifecycle-process:2.8.4] AndroidManifest.xml:30:17-78
171                android:value="androidx.startup" />
171-->[androidx.lifecycle:lifecycle-process:2.8.4] AndroidManifest.xml:31:17-49
172            <meta-data
172-->[androidx.profileinstaller:profileinstaller:1.4.0] AndroidManifest.xml:29:13-31:52
173                android:name="androidx.profileinstaller.ProfileInstallerInitializer"
173-->[androidx.profileinstaller:profileinstaller:1.4.0] AndroidManifest.xml:30:17-85
174                android:value="androidx.startup" />
174-->[androidx.profileinstaller:profileinstaller:1.4.0] AndroidManifest.xml:31:17-49
175        </provider>
176
177        <meta-data
177-->src\main\AndroidManifest.xml:124:9-126:70
178            android:name="com.google.android.gms.ads.APPLICATION_ID"
178-->src\main\AndroidManifest.xml:125:13-69
179            android:value="ca-app-pub-3940200000000000~0000000000" />
179-->src\main\AndroidManifest.xml:126:13-67
180
181        <activity
181-->[com.google.android.gms:play-services-auth:21.3.0] AndroidManifest.xml:23:9-27:75
182            android:name="com.google.android.gms.auth.api.signin.internal.SignInHubActivity"
182-->[com.google.android.gms:play-services-auth:21.3.0] AndroidManifest.xml:24:13-93
183            android:excludeFromRecents="true"
183-->[com.google.android.gms:play-services-auth:21.3.0] AndroidManifest.xml:25:13-46
184            android:exported="false"
184-->[com.google.android.gms:play-services-auth:21.3.0] AndroidManifest.xml:26:13-37
185            android:theme="@android:style/Theme.Translucent.NoTitleBar" />
185-->[com.google.android.gms:play-services-auth:21.3.0] AndroidManifest.xml:27:13-72
186        <!--
187            Service handling Google Sign-In user revocation. For apps that do not integrate with
188            Google Sign-In, this service will never be started.
189        -->
190        <service
190-->[com.google.android.gms:play-services-auth:21.3.0] AndroidManifest.xml:33:9-37:51
191            android:name="com.google.android.gms.auth.api.signin.RevocationBoundService"
191-->[com.google.android.gms:play-services-auth:21.3.0] AndroidManifest.xml:34:13-89
192            android:exported="true"
192-->[com.google.android.gms:play-services-auth:21.3.0] AndroidManifest.xml:35:13-36
193            android:permission="com.google.android.gms.auth.api.signin.permission.REVOCATION_NOTIFICATION"
193-->[com.google.android.gms:play-services-auth:21.3.0] AndroidManifest.xml:36:13-107
194            android:visibleToInstantApps="true" /> <!-- Include the AdActivity and InAppPurchaseActivity configChanges and themes. -->
194-->[com.google.android.gms:play-services-auth:21.3.0] AndroidManifest.xml:37:13-48
195        <activity
195-->[com.google.android.gms:play-services-ads-lite:23.2.0] AndroidManifest.xml:56:9-61:43
196            android:name="com.google.android.gms.ads.AdActivity"
196-->[com.google.android.gms:play-services-ads-lite:23.2.0] AndroidManifest.xml:57:13-65
197            android:configChanges="keyboard|keyboardHidden|orientation|screenLayout|uiMode|screenSize|smallestScreenSize"
197-->[com.google.android.gms:play-services-ads-lite:23.2.0] AndroidManifest.xml:58:13-122
198            android:exported="false"
198-->[com.google.android.gms:play-services-ads-lite:23.2.0] AndroidManifest.xml:59:13-37
199            android:theme="@android:style/Theme.Translucent" />
199-->[com.google.android.gms:play-services-ads-lite:23.2.0] AndroidManifest.xml:60:13-61
200
201        <provider
201-->[com.google.android.gms:play-services-ads-lite:23.2.0] AndroidManifest.xml:63:9-68:43
202            android:name="com.google.android.gms.ads.MobileAdsInitProvider"
202-->[com.google.android.gms:play-services-ads-lite:23.2.0] AndroidManifest.xml:64:13-76
203            android:authorities="com.ytplayables.app.debug.mobileadsinitprovider"
203-->[com.google.android.gms:play-services-ads-lite:23.2.0] AndroidManifest.xml:65:13-73
204            android:exported="false"
204-->[com.google.android.gms:play-services-ads-lite:23.2.0] AndroidManifest.xml:66:13-37
205            android:initOrder="100" />
205-->[com.google.android.gms:play-services-ads-lite:23.2.0] AndroidManifest.xml:67:13-36
206
207        <service
207-->[com.google.android.gms:play-services-ads-lite:23.2.0] AndroidManifest.xml:70:9-74:43
208            android:name="com.google.android.gms.ads.AdService"
208-->[com.google.android.gms:play-services-ads-lite:23.2.0] AndroidManifest.xml:71:13-64
209            android:enabled="true"
209-->[com.google.android.gms:play-services-ads-lite:23.2.0] AndroidManifest.xml:72:13-35
210            android:exported="false" />
210-->[com.google.android.gms:play-services-ads-lite:23.2.0] AndroidManifest.xml:73:13-37
211
212        <activity
212-->[com.google.android.gms:play-services-ads-lite:23.2.0] AndroidManifest.xml:76:9-80:43
213            android:name="com.google.android.gms.ads.OutOfContextTestingActivity"
213-->[com.google.android.gms:play-services-ads-lite:23.2.0] AndroidManifest.xml:77:13-82
214            android:configChanges="keyboard|keyboardHidden|orientation|screenLayout|uiMode|screenSize|smallestScreenSize"
214-->[com.google.android.gms:play-services-ads-lite:23.2.0] AndroidManifest.xml:78:13-122
215            android:exported="false" />
215-->[com.google.android.gms:play-services-ads-lite:23.2.0] AndroidManifest.xml:79:13-37
216        <activity
216-->[com.google.android.gms:play-services-ads-lite:23.2.0] AndroidManifest.xml:81:9-88:43
217            android:name="com.google.android.gms.ads.NotificationHandlerActivity"
217-->[com.google.android.gms:play-services-ads-lite:23.2.0] AndroidManifest.xml:82:13-82
218            android:excludeFromRecents="true"
218-->[com.google.android.gms:play-services-ads-lite:23.2.0] AndroidManifest.xml:83:13-46
219            android:exported="false"
219-->[com.google.android.gms:play-services-ads-lite:23.2.0] AndroidManifest.xml:84:13-37
220            android:launchMode="singleTask"
220-->[com.google.android.gms:play-services-ads-lite:23.2.0] AndroidManifest.xml:85:13-44
221            android:taskAffinity=""
221-->[com.google.android.gms:play-services-ads-lite:23.2.0] AndroidManifest.xml:86:13-36
222            android:theme="@android:style/Theme.Translucent.NoTitleBar" />
222-->[com.google.android.gms:play-services-ads-lite:23.2.0] AndroidManifest.xml:87:13-72
223
224        <property
224-->[com.google.android.gms:play-services-ads-lite:23.2.0] AndroidManifest.xml:90:9-92:62
225            android:name="android.adservices.AD_SERVICES_CONFIG"
225-->[com.google.android.gms:play-services-ads-lite:23.2.0] AndroidManifest.xml:91:13-65
226            android:resource="@xml/gma_ad_services_config" />
226-->[com.google.android.gms:play-services-ads-lite:23.2.0] AndroidManifest.xml:92:13-59
227
228        <activity
228-->[com.google.android.gms:play-services-base:18.5.0] AndroidManifest.xml:5:9-173
229            android:name="com.google.android.gms.common.api.GoogleApiActivity"
229-->[com.google.android.gms:play-services-base:18.5.0] AndroidManifest.xml:5:19-85
230            android:exported="false"
230-->[com.google.android.gms:play-services-base:18.5.0] AndroidManifest.xml:5:146-170
231            android:theme="@android:style/Theme.Translucent.NoTitleBar" />
231-->[com.google.android.gms:play-services-base:18.5.0] AndroidManifest.xml:5:86-145
232
233        <meta-data
233-->[com.google.android.gms:play-services-basement:18.4.0] AndroidManifest.xml:6:9-122
234            android:name="com.google.android.gms.version"
234-->[com.google.android.gms:play-services-basement:18.4.0] AndroidManifest.xml:6:20-65
235            android:value="@integer/google_play_services_version" />
235-->[com.google.android.gms:play-services-basement:18.4.0] AndroidManifest.xml:6:66-119
236
237        <service
237-->[androidx.work:work-runtime:2.9.0] AndroidManifest.xml:39:9-45:35
238            android:name="androidx.work.impl.background.systemalarm.SystemAlarmService"
238-->[androidx.work:work-runtime:2.9.0] AndroidManifest.xml:40:13-88
239            android:directBootAware="false"
239-->[androidx.work:work-runtime:2.9.0] AndroidManifest.xml:41:13-44
240            android:enabled="@bool/enable_system_alarm_service_default"
240-->[androidx.work:work-runtime:2.9.0] AndroidManifest.xml:42:13-72
241            android:exported="false" />
241-->[androidx.work:work-runtime:2.9.0] AndroidManifest.xml:43:13-37
242        <service
242-->[androidx.work:work-runtime:2.9.0] AndroidManifest.xml:46:9-52:35
243            android:name="androidx.work.impl.background.systemjob.SystemJobService"
243-->[androidx.work:work-runtime:2.9.0] AndroidManifest.xml:47:13-84
244            android:directBootAware="false"
244-->[androidx.work:work-runtime:2.9.0] AndroidManifest.xml:48:13-44
245            android:enabled="@bool/enable_system_job_service_default"
245-->[androidx.work:work-runtime:2.9.0] AndroidManifest.xml:49:13-70
246            android:exported="true"
246-->[androidx.work:work-runtime:2.9.0] AndroidManifest.xml:50:13-36
247            android:permission="android.permission.BIND_JOB_SERVICE" />
247-->[androidx.work:work-runtime:2.9.0] AndroidManifest.xml:51:13-69
248        <service
248-->[androidx.work:work-runtime:2.9.0] AndroidManifest.xml:53:9-59:35
249            android:name="androidx.work.impl.foreground.SystemForegroundService"
249-->[androidx.work:work-runtime:2.9.0] AndroidManifest.xml:54:13-81
250            android:directBootAware="false"
250-->[androidx.work:work-runtime:2.9.0] AndroidManifest.xml:55:13-44
251            android:enabled="@bool/enable_system_foreground_service_default"
251-->[androidx.work:work-runtime:2.9.0] AndroidManifest.xml:56:13-77
252            android:exported="false" />
252-->[androidx.work:work-runtime:2.9.0] AndroidManifest.xml:57:13-37
253
254        <receiver
254-->[androidx.work:work-runtime:2.9.0] AndroidManifest.xml:61:9-66:35
255            android:name="androidx.work.impl.utils.ForceStopRunnable$BroadcastReceiver"
255-->[androidx.work:work-runtime:2.9.0] AndroidManifest.xml:62:13-88
256            android:directBootAware="false"
256-->[androidx.work:work-runtime:2.9.0] AndroidManifest.xml:63:13-44
257            android:enabled="true"
257-->[androidx.work:work-runtime:2.9.0] AndroidManifest.xml:64:13-35
258            android:exported="false" />
258-->[androidx.work:work-runtime:2.9.0] AndroidManifest.xml:65:13-37
259        <receiver
259-->[androidx.work:work-runtime:2.9.0] AndroidManifest.xml:67:9-77:20
260            android:name="androidx.work.impl.background.systemalarm.ConstraintProxy$BatteryChargingProxy"
260-->[androidx.work:work-runtime:2.9.0] AndroidManifest.xml:68:13-106
261            android:directBootAware="false"
261-->[androidx.work:work-runtime:2.9.0] AndroidManifest.xml:69:13-44
262            android:enabled="false"
262-->[androidx.work:work-runtime:2.9.0] AndroidManifest.xml:70:13-36
263            android:exported="false" >
263-->[androidx.work:work-runtime:2.9.0] AndroidManifest.xml:71:13-37
264            <intent-filter>
264-->[androidx.work:work-runtime:2.9.0] AndroidManifest.xml:73:13-76:29
265                <action android:name="android.intent.action.ACTION_POWER_CONNECTED" />
265-->[androidx.work:work-runtime:2.9.0] AndroidManifest.xml:74:17-87
265-->[androidx.work:work-runtime:2.9.0] AndroidManifest.xml:74:25-84
266                <action android:name="android.intent.action.ACTION_POWER_DISCONNECTED" />
266-->[androidx.work:work-runtime:2.9.0] AndroidManifest.xml:75:17-90
266-->[androidx.work:work-runtime:2.9.0] AndroidManifest.xml:75:25-87
267            </intent-filter>
268        </receiver>
269        <receiver
269-->[androidx.work:work-runtime:2.9.0] AndroidManifest.xml:78:9-88:20
270            android:name="androidx.work.impl.background.systemalarm.ConstraintProxy$BatteryNotLowProxy"
270-->[androidx.work:work-runtime:2.9.0] AndroidManifest.xml:79:13-104
271            android:directBootAware="false"
271-->[androidx.work:work-runtime:2.9.0] AndroidManifest.xml:80:13-44
272            android:enabled="false"
272-->[androidx.work:work-runtime:2.9.0] AndroidManifest.xml:81:13-36
273            android:exported="false" >
273-->[androidx.work:work-runtime:2.9.0] AndroidManifest.xml:82:13-37
274            <intent-filter>
274-->[androidx.work:work-runtime:2.9.0] AndroidManifest.xml:84:13-87:29
275                <action android:name="android.intent.action.BATTERY_OKAY" />
275-->[androidx.work:work-runtime:2.9.0] AndroidManifest.xml:85:17-77
275-->[androidx.work:work-runtime:2.9.0] AndroidManifest.xml:85:25-74
276                <action android:name="android.intent.action.BATTERY_LOW" />
276-->[androidx.work:work-runtime:2.9.0] AndroidManifest.xml:86:17-76
276-->[androidx.work:work-runtime:2.9.0] AndroidManifest.xml:86:25-73
277            </intent-filter>
278        </receiver>
279        <receiver
279-->[androidx.work:work-runtime:2.9.0] AndroidManifest.xml:89:9-99:20
280            android:name="androidx.work.impl.background.systemalarm.ConstraintProxy$StorageNotLowProxy"
280-->[androidx.work:work-runtime:2.9.0] AndroidManifest.xml:90:13-104
281            android:directBootAware="false"
281-->[androidx.work:work-runtime:2.9.0] AndroidManifest.xml:91:13-44
282            android:enabled="false"
282-->[androidx.work:work-runtime:2.9.0] AndroidManifest.xml:92:13-36
283            android:exported="false" >
283-->[androidx.work:work-runtime:2.9.0] AndroidManifest.xml:93:13-37
284            <intent-filter>
284-->[androidx.work:work-runtime:2.9.0] AndroidManifest.xml:95:13-98:29
285                <action android:name="android.intent.action.DEVICE_STORAGE_LOW" />
285-->[androidx.work:work-runtime:2.9.0] AndroidManifest.xml:96:17-83
285-->[androidx.work:work-runtime:2.9.0] AndroidManifest.xml:96:25-80
286                <action android:name="android.intent.action.DEVICE_STORAGE_OK" />
286-->[androidx.work:work-runtime:2.9.0] AndroidManifest.xml:97:17-82
286-->[androidx.work:work-runtime:2.9.0] AndroidManifest.xml:97:25-79
287            </intent-filter>
288        </receiver>
289        <receiver
289-->[androidx.work:work-runtime:2.9.0] AndroidManifest.xml:100:9-109:20
290            android:name="androidx.work.impl.background.systemalarm.ConstraintProxy$NetworkStateProxy"
290-->[androidx.work:work-runtime:2.9.0] AndroidManifest.xml:101:13-103
291            android:directBootAware="false"